Added Component: Designator=C1(CAP_ELEC_5x5.7)
Added Component: Designator=C2(SM-CAP-0805)
Added Component: Designator=C3(SM-CAP-0805)
Added Component: Designator=C4(SM-CAP-0805)
Added Component: Designator=C5(SM-CAP-0805)
Added Component: Designator=C6(SM-CAP-0805)
Added Component: Designator=C7(SM-CAP-0805)
Added Component: Designator=C8(SM-CAP-0805)
Added Component: Designator=C9(SM-CAP-0805)
Added Component: Designator=C10(SM-CAP-0805)
Added Component: Designator=C11(SM-CAP-0805)
Added Component: Designator=C12(SM-CAP-0805)
Added Component: Designator=C13(SM-CAP-0805)
Added Component: Designator=C14(SM-CAP-0805)
Added Component: Designator=C15(SM-CAP-0805)
Added Component: Designator=C16(SM-CAP-0805)
Added Component: Designator=C17(SM-CAP-0805)
Added Component: Designator=C18(SM-CAP-0805)
Added Component: Designator=C19(SM-CAP-0805)
Added Component: Designator=C20(SM-CAP-0805)
Added Component: Designator=C21(SM-CAP-0805)
Added Component: Designator=C22(SM-CAP-0805)
Added Component: Designator=C23(SM-CAP-0805)
Added Component: Designator=C24(SM-CAP-0805)
Added Component: Designator=C25(SM-CAP-0805)
Added Component: Designator=C26(SM-CAP-0805)
Added Component: Designator=C27(SM-CAP-0805)
Added Component: Designator=C28(SM-CAP-0805)
Added Component: Designator=C29(SM-CAP-0805)
Added Component: Designator=C30(SM-CAP-0805)
Added Component: Designator=C31(SM-CAP-0805)
Added Component: Designator=CT1(CRYSTAL_HC49-US-SM)
Added Component: Designator=CT2(CRYSTAL SMD 32,768 kHz)
Added Component: Designator=J3(RJ45 - 18)
Added Component: Designator=J4(RJ45 - 18)
Added Component: Designator=LED1(L-0805)
Added Component: Designator=LED2(L-0805)
Added Component: Designator=LED3(L-0805)
Added Component: Designator=LED4(L-0805)
Added Component: Designator=LED5(L-0805)
Added Component: Designator=P1(HDR1X2)
Added Component: Designator=P2(HDR1X10)
Added Component: Designator=P3(HDR1X7)
Added Component: Designator=P4(HDR1X3)
Added Component: Designator=P5(HDR1X2)
Added Component: Designator=P6(HDR1X4)
Added Component: Designator=R1(SM-0805)
Added Component: Designator=R2(R-0805)
Added Component: Designator=R3(R-0805)
Added Component: Designator=R4(R-0805)
Added Component: Designator=R5(R-0805)
Added Component: Designator=R6(R-0805)
Added Component: Designator=R7(R-0805)
Added Component: Designator=R8(R-0805)
Added Component: Designator=R9(R-0805)
Added Component: Designator=R10(R-0805)
Added Component: Designator=R11(SM-0805)
Added Component: Designator=R12(SM-0805)
Added Component: Designator=R13(SM-0805)
Added Component: Designator=R14(SM-0805)
Added Component: Designator=R15(SM-0805)
Added Component: Designator=R16(SM-0805)
Added Component: Designator=R17(SM-0805)
Added Component: Designator=R18(SM-0805)
Added Component: Designator=R19(SM-0805)
Added Component: Designator=R20(SM-0805)
Added Component: Designator=R21(SM-0805)
Added Component: Designator=R22(SM-0805)
Added Component: Designator=R23(SM-0805)
Added Component: Designator=R24(SM-0805)
Added Component: Designator=R25(SM-0805)
Added Component: Designator=R26(SM-0805)
Added Component: Designator=R27(SM-0805)
Added Component: Designator=R28(SM-0805)
Added Component: Designator=R29(SM-0805)
Added Component: Designator=R30(SM-0805)
Added Component: Designator=R31(SM-0805)
Added Component: Designator=R32(SM-0805)
Added Component: Designator=SW1(SW4 CMD M)
Added Component: Designator=U1(LM1117-SOP)
Added Component: Designator=U2(SO8W_N)
Added Component: Designator=U4(STM32_LQPF48)
Added Component: Designator=VCC(DC-IN)
Added Pin To Net: NetName=BOOT_0 Pin=R16-2
Added Pin To Net: NetName=BOOT_0 Pin=U4-44
Added Net: Name=BOOT_0
Added Pin To Net: NetName=BOOT_1 Pin=R15-2
Added Pin To Net: NetName=BOOT_1 Pin=U4-20
Added Net: Name=BOOT_1
Added Pin To Net: NetName=GND Pin=C1-2
Added Pin To Net: NetName=GND Pin=C2-1
Added Pin To Net: NetName=GND Pin=C3-1
Added Pin To Net: NetName=GND Pin=C4-1
Added Pin To Net: NetName=GND Pin=C5-2
Added Pin To Net: NetName=GND Pin=C6-1
Added Pin To Net: NetName=GND Pin=C7-1
Added Pin To Net: NetName=GND Pin=C8-1
Added Pin To Net: NetName=GND Pin=C9-1
Added Pin To Net: NetName=GND Pin=C10-1
Added Pin To Net: NetName=GND Pin=C11-1
Added Pin To Net: NetName=GND Pin=C12-1
Added Pin To Net: NetName=GND Pin=C13-2
Added Pin To Net: NetName=GND Pin=C14-2
Added Pin To Net: NetName=GND Pin=C15-2
Added Pin To Net: NetName=GND Pin=C16-2
Added Pin To Net: NetName=GND Pin=C17-2
Added Pin To Net: NetName=GND Pin=C18-2
Added Pin To Net: NetName=GND Pin=C19-2
Added Pin To Net: NetName=GND Pin=C20-2
Added Pin To Net: NetName=GND Pin=C21-2
Added Pin To Net: NetName=GND Pin=C22-2
Added Pin To Net: NetName=GND Pin=C23-2
Added Pin To Net: NetName=GND Pin=C24-1
Added Pin To Net: NetName=GND Pin=C24-2
Added Pin To Net: NetName=GND Pin=C25-1
Added Pin To Net: NetName=GND Pin=C25-2
Added Pin To Net: NetName=GND Pin=C26-2
Added Pin To Net: NetName=GND Pin=C27-2
Added Pin To Net: NetName=GND Pin=C28-2
Added Pin To Net: NetName=GND Pin=C29-2
Added Pin To Net: NetName=GND Pin=C30-2
Added Pin To Net: NetName=GND Pin=C31-2
Added Pin To Net: NetName=GND Pin=J3-1
Added Pin To Net: NetName=GND Pin=J3-2
Added Pin To Net: NetName=GND Pin=J3-3
Added Pin To Net: NetName=GND Pin=J3-4
Added Pin To Net: NetName=GND Pin=J3-6
Added Pin To Net: NetName=GND Pin=J4-1
Added Pin To Net: NetName=GND Pin=J4-2
Added Pin To Net: NetName=GND Pin=J4-3
Added Pin To Net: NetName=GND Pin=J4-4
Added Pin To Net: NetName=GND Pin=J4-6
Added Pin To Net: NetName=GND Pin=LED1-2
Added Pin To Net: NetName=GND Pin=LED2-2
Added Pin To Net: NetName=GND Pin=LED3-2
Added Pin To Net: NetName=GND Pin=LED4-2
Added Pin To Net: NetName=GND Pin=LED5-2
Added Pin To Net: NetName=GND Pin=P3-7
Added Pin To Net: NetName=GND Pin=P5-1
Added Pin To Net: NetName=GND Pin=P5-2
Added Pin To Net: NetName=GND Pin=P6-4
Added Pin To Net: NetName=GND Pin=R5-2
Added Pin To Net: NetName=GND Pin=R8-1
Added Pin To Net: NetName=GND Pin=R15-1
Added Pin To Net: NetName=GND Pin=R17-2
Added Pin To Net: NetName=GND Pin=R31-2
Added Pin To Net: NetName=GND Pin=R32-2
Added Pin To Net: NetName=GND Pin=SW1-1
Added Pin To Net: NetName=GND Pin=SW1-1
Added Pin To Net: NetName=GND Pin=U1-1
Added Pin To Net: NetName=GND Pin=U2-5
Added Pin To Net: NetName=GND Pin=U4-8
Added Pin To Net: NetName=GND Pin=U4-23
Added Pin To Net: NetName=GND Pin=U4-35
Added Pin To Net: NetName=GND Pin=U4-47
Added Pin To Net: NetName=GND Pin=VCC-2
Added Net: Name=GND
Added Pin To Net: NetName=IRQ_1 Pin=C22-1
Added Pin To Net: NetName=IRQ_1 Pin=P2-1
Added Pin To Net: NetName=IRQ_1 Pin=R20-1
Added Pin To Net: NetName=IRQ_1 Pin=U4-34
Added Net: Name=IRQ_1
Added Pin To Net: NetName=IRQ_2 Pin=C21-1
Added Pin To Net: NetName=IRQ_2 Pin=P2-2
Added Pin To Net: NetName=IRQ_2 Pin=R21-1
Added Pin To Net: NetName=IRQ_2 Pin=U4-37
Added Net: Name=IRQ_2
Added Pin To Net: NetName=IRQ_3 Pin=C20-1
Added Pin To Net: NetName=IRQ_3 Pin=P2-3
Added Pin To Net: NetName=IRQ_3 Pin=R22-1
Added Pin To Net: NetName=IRQ_3 Pin=U4-38
Added Net: Name=IRQ_3
Added Pin To Net: NetName=IRQ_4 Pin=C19-1
Added Pin To Net: NetName=IRQ_4 Pin=P2-4
Added Pin To Net: NetName=IRQ_4 Pin=R23-1
Added Pin To Net: NetName=IRQ_4 Pin=U4-39
Added Net: Name=IRQ_4
Added Pin To Net: NetName=IRQ_5 Pin=C18-1
Added Pin To Net: NetName=IRQ_5 Pin=P2-5
Added Pin To Net: NetName=IRQ_5 Pin=R24-1
Added Pin To Net: NetName=IRQ_5 Pin=U4-40
Added Net: Name=IRQ_5
Added Pin To Net: NetName=IRQ_6 Pin=C17-1
Added Pin To Net: NetName=IRQ_6 Pin=P2-6
Added Pin To Net: NetName=IRQ_6 Pin=R25-1
Added Pin To Net: NetName=IRQ_6 Pin=U4-41
Added Net: Name=IRQ_6
Added Pin To Net: NetName=IRQ_7 Pin=C16-1
Added Pin To Net: NetName=IRQ_7 Pin=P2-7
Added Pin To Net: NetName=IRQ_7 Pin=R26-1
Added Pin To Net: NetName=IRQ_7 Pin=U4-42
Added Net: Name=IRQ_7
Added Pin To Net: NetName=IRQ_8 Pin=C15-1
Added Pin To Net: NetName=IRQ_8 Pin=P2-8
Added Pin To Net: NetName=IRQ_8 Pin=R27-1
Added Pin To Net: NetName=IRQ_8 Pin=U4-43
Added Net: Name=IRQ_8
Added Pin To Net: NetName=IRQ_9 Pin=C14-1
Added Pin To Net: NetName=IRQ_9 Pin=P2-9
Added Pin To Net: NetName=IRQ_9 Pin=R28-1
Added Pin To Net: NetName=IRQ_9 Pin=U4-45
Added Net: Name=IRQ_9
Added Pin To Net: NetName=IRQ_10 Pin=C13-1
Added Pin To Net: NetName=IRQ_10 Pin=P2-10
Added Pin To Net: NetName=IRQ_10 Pin=R29-1
Added Pin To Net: NetName=IRQ_10 Pin=U4-46
Added Net: Name=IRQ_10
Added Pin To Net: NetName=LED_1 Pin=R11-2
Added Pin To Net: NetName=LED_1 Pin=U4-22
Added Net: Name=LED_1
Added Pin To Net: NetName=LED_2 Pin=R12-2
Added Pin To Net: NetName=LED_2 Pin=U4-25
Added Net: Name=LED_2
Added Pin To Net: NetName=LED_3 Pin=R13-2
Added Pin To Net: NetName=LED_3 Pin=U4-26
Added Net: Name=LED_3
Added Pin To Net: NetName=LED_4 Pin=R14-2
Added Pin To Net: NetName=LED_4 Pin=U4-27
Added Net: Name=LED_4
Added Pin To Net: NetName=M485_A Pin=J3-8
Added Pin To Net: NetName=M485_A Pin=J4-8
Added Pin To Net: NetName=M485_A Pin=R7-1
Added Pin To Net: NetName=M485_A Pin=R9-1
Added Pin To Net: NetName=M485_A Pin=U2-6
Added Net: Name=M485_A
Added Pin To Net: NetName=M485_B Pin=J3-7
Added Pin To Net: NetName=M485_B Pin=J4-7
Added Pin To Net: NetName=M485_B Pin=R7-2
Added Pin To Net: NetName=M485_B Pin=R8-2
Added Pin To Net: NetName=M485_B Pin=U2-7
Added Net: Name=M485_B
Added Pin To Net: NetName=M485_DI Pin=R4-1
Added Pin To Net: NetName=M485_DI Pin=U2-4
Added Pin To Net: NetName=M485_DI Pin=U4-12
Added Net: Name=M485_DI
Added Pin To Net: NetName=M485_EN Pin=R3-1
Added Pin To Net: NetName=M485_EN Pin=U2-2
Added Pin To Net: NetName=M485_EN Pin=U2-3
Added Pin To Net: NetName=M485_EN Pin=U4-14
Added Net: Name=M485_EN
Added Pin To Net: NetName=M485_PW Pin=C6-2
Added Pin To Net: NetName=M485_PW Pin=C7-2
Added Pin To Net: NetName=M485_PW Pin=J3-5
Added Pin To Net: NetName=M485_PW Pin=J4-5
Added Pin To Net: NetName=M485_PW Pin=R10-2
Added Net: Name=M485_PW
Added Pin To Net: NetName=M485_RO Pin=R5-1
Added Pin To Net: NetName=M485_RO Pin=R6-2
Added Pin To Net: NetName=M485_RO Pin=U4-13
Added Net: Name=M485_RO
Added Pin To Net: NetName=NetLED1_1 Pin=LED1-1
Added Pin To Net: NetName=NetLED1_1 Pin=R1-2
Added Net: Name=NetLED1_1
Added Pin To Net: NetName=NetLED2_1 Pin=LED2-1
Added Pin To Net: NetName=NetLED2_1 Pin=R11-1
Added Net: Name=NetLED2_1
Added Pin To Net: NetName=NetLED3_1 Pin=LED3-1
Added Pin To Net: NetName=NetLED3_1 Pin=R12-1
Added Net: Name=NetLED3_1
Added Pin To Net: NetName=NetLED4_1 Pin=LED4-1
Added Pin To Net: NetName=NetLED4_1 Pin=R13-1
Added Net: Name=NetLED4_1
Added Pin To Net: NetName=NetLED5_1 Pin=LED5-1
Added Pin To Net: NetName=NetLED5_1 Pin=R14-1
Added Net: Name=NetLED5_1
Added Pin To Net: NetName=NetP1_2 Pin=P1-2
Added Pin To Net: NetName=NetP1_2 Pin=R16-1
Added Pin To Net: NetName=NetP1_2 Pin=R17-1
Added Net: Name=NetP1_2
Added Pin To Net: NetName=NetR2_1 Pin=R2-1
Added Pin To Net: NetName=NetR2_1 Pin=R6-1
Added Pin To Net: NetName=NetR2_1 Pin=U2-1
Added Net: Name=NetR2_1
Added Pin To Net: NetName=OSCIN Pin=C10-2
Added Pin To Net: NetName=OSCIN Pin=CT1-2
Added Pin To Net: NetName=OSCIN Pin=R18-1
Added Pin To Net: NetName=OSCIN Pin=U4-5
Added Net: Name=OSCIN
Added Pin To Net: NetName=OSCOUT Pin=C11-2
Added Pin To Net: NetName=OSCOUT Pin=CT1-1
Added Pin To Net: NetName=OSCOUT Pin=R18-2
Added Pin To Net: NetName=OSCOUT Pin=U4-6
Added Net: Name=OSCOUT
Added Pin To Net: NetName=PA1 Pin=U4-10
Added Net: Name=PA1
Added Pin To Net: NetName=PA2 Pin=U4-11
Added Net: Name=PA2
Added Pin To Net: NetName=PA5 Pin=U4-15
Added Net: Name=PA5
Added Pin To Net: NetName=PA6 Pin=U4-16
Added Net: Name=PA6
Added Pin To Net: NetName=PA7 Pin=U4-17
Added Net: Name=PA7
Added Pin To Net: NetName=PA12 Pin=U4-33
Added Net: Name=PA12
Added Pin To Net: NetName=PB0 Pin=U4-18
Added Net: Name=PB0
Added Pin To Net: NetName=PB1 Pin=U4-19
Added Net: Name=PB1
Added Pin To Net: NetName=PB10 Pin=U4-21
Added Net: Name=PB10
Added Pin To Net: NetName=PC13 Pin=U4-2
Added Net: Name=PC13
Added Pin To Net: NetName=REAL_IN Pin=C8-2
Added Pin To Net: NetName=REAL_IN Pin=CT2-2
Added Pin To Net: NetName=REAL_IN Pin=U4-3
Added Net: Name=REAL_IN
Added Pin To Net: NetName=REAL_OUT Pin=C9-2
Added Pin To Net: NetName=REAL_OUT Pin=CT2-1
Added Pin To Net: NetName=REAL_OUT Pin=U4-4
Added Net: Name=REAL_OUT
Added Pin To Net: NetName=RESET Pin=C12-2
Added Pin To Net: NetName=RESET Pin=R19-2
Added Pin To Net: NetName=RESET Pin=SW1-2
Added Pin To Net: NetName=RESET Pin=SW1-2
Added Pin To Net: NetName=RESET Pin=U4-7
Added Net: Name=RESET
Added Pin To Net: NetName=RF_AUX Pin=P3-5
Added Pin To Net: NetName=RF_AUX Pin=R30-1
Added Pin To Net: NetName=RF_AUX Pin=U4-32
Added Net: Name=RF_AUX
Added Pin To Net: NetName=RF_M0 Pin=P3-1
Added Pin To Net: NetName=RF_M0 Pin=R32-1
Added Pin To Net: NetName=RF_M0 Pin=U4-28
Added Net: Name=RF_M0
Added Pin To Net: NetName=RF_M1 Pin=P3-2
Added Pin To Net: NetName=RF_M1 Pin=R31-1
Added Pin To Net: NetName=RF_M1 Pin=U4-29
Added Net: Name=RF_M1
Added Pin To Net: NetName=RF_RXD Pin=P3-3
Added Pin To Net: NetName=RF_RXD Pin=P6-2
Added Pin To Net: NetName=RF_RXD Pin=U4-30
Added Net: Name=RF_RXD
Added Pin To Net: NetName=RF_TXD Pin=P3-4
Added Pin To Net: NetName=RF_TXD Pin=P6-3
Added Pin To Net: NetName=RF_TXD Pin=U4-31
Added Net: Name=RF_TXD
Added Pin To Net: NetName=VCC3.3V Pin=C3-2
Added Pin To Net: NetName=VCC3.3V Pin=C4-2
Added Pin To Net: NetName=VCC3.3V Pin=C23-1
Added Pin To Net: NetName=VCC3.3V Pin=C26-1
Added Pin To Net: NetName=VCC3.3V Pin=C27-1
Added Pin To Net: NetName=VCC3.3V Pin=C28-1
Added Pin To Net: NetName=VCC3.3V Pin=C29-1
Added Pin To Net: NetName=VCC3.3V Pin=C30-1
Added Pin To Net: NetName=VCC3.3V Pin=C31-1
Added Pin To Net: NetName=VCC3.3V Pin=P1-1
Added Pin To Net: NetName=VCC3.3V Pin=P3-6
Added Pin To Net: NetName=VCC3.3V Pin=P6-1
Added Pin To Net: NetName=VCC3.3V Pin=R1-1
Added Pin To Net: NetName=VCC3.3V Pin=R19-1
Added Pin To Net: NetName=VCC3.3V Pin=R20-2
Added Pin To Net: NetName=VCC3.3V Pin=R21-2
Added Pin To Net: NetName=VCC3.3V Pin=R22-2
Added Pin To Net: NetName=VCC3.3V Pin=R23-2
Added Pin To Net: NetName=VCC3.3V Pin=R24-2
Added Pin To Net: NetName=VCC3.3V Pin=R25-2
Added Pin To Net: NetName=VCC3.3V Pin=R26-2
Added Pin To Net: NetName=VCC3.3V Pin=R27-2
Added Pin To Net: NetName=VCC3.3V Pin=R28-2
Added Pin To Net: NetName=VCC3.3V Pin=R29-2
Added Pin To Net: NetName=VCC3.3V Pin=R30-2
Added Pin To Net: NetName=VCC3.3V Pin=U1-2
Added Pin To Net: NetName=VCC3.3V Pin=U1-2
Added Pin To Net: NetName=VCC3.3V Pin=U4-1
Added Pin To Net: NetName=VCC3.3V Pin=U4-9
Added Pin To Net: NetName=VCC3.3V Pin=U4-24
Added Pin To Net: NetName=VCC3.3V Pin=U4-36
Added Pin To Net: NetName=VCC3.3V Pin=U4-48
Added Net: Name=VCC3.3V
Added Pin To Net: NetName=VCC5V Pin=C1-1
Added Pin To Net: NetName=VCC5V Pin=C2-2
Added Pin To Net: NetName=VCC5V Pin=C5-1
Added Pin To Net: NetName=VCC5V Pin=R2-2
Added Pin To Net: NetName=VCC5V Pin=R3-2
Added Pin To Net: NetName=VCC5V Pin=R4-2
Added Pin To Net: NetName=VCC5V Pin=R9-2
Added Pin To Net: NetName=VCC5V Pin=R10-1
Added Pin To Net: NetName=VCC5V Pin=U1-3
Added Pin To Net: NetName=VCC5V Pin=U2-8
Added Pin To Net: NetName=VCC5V Pin=VCC-1
Added Net: Name=VCC5V
Added Class: Name=proLAYOUT
Added Room: Name=proLAYOUT
